{"E:\\academy\\NodeJs_exercise_21\\src\\app.js": {"path":"E:\\academy\\NodeJs_exercise_21\\src\\app.js","statementMap":{"0":{"start":{"line":6,"column":4},"end":{"line":6,"column":16}},"1":{"start":{"line":7,"column":4},"end":{"line":21,"column":5}},"2":{"start":{"line":8,"column":27},"end":{"line":8,"column":53}},"3":{"start":{"line":9,"column":20},"end":{"line":9,"column":29}},"4":{"start":{"line":10,"column":8},"end":{"line":17,"column":9}},"5":{"start":{"line":11,"column":12},"end":{"line":11,"column":100}},"6":{"start":{"line":12,"column":12},"end":{"line":12,"column":36}},"7":{"start":{"line":13,"column":12},"end":{"line":13,"column":42}},"8":{"start":{"line":14,"column":12},"end":{"line":14,"column":30}},"9":{"start":{"line":16,"column":12},"end":{"line":16,"column":74}},"10":{"start":{"line":18,"column":8},"end":{"line":18,"column":19}},"11":{"start":{"line":20,"column":8},"end":{"line":20,"column":16}}},"fnMap":{"0":{"name":"app","decl":{"start":{"line":5,"column":22},"end":{"line":5,"column":25}},"loc":{"start":{"line":5,"column":28},"end":{"line":22,"column":1}},"line":5}},"branchMap":{"0":{"loc":{"start":{"line":10,"column":8},"end":{"line":17,"column":9}},"type":"if","locations":[{"start":{"line":10,"column":8},"end":{"line":17,"column":9}},{"start":{"line":10,"column":8},"end":{"line":17,"column":9}}],"line":10}},"s":{"0":1,"1":1,"2":1,"3":1,"4":1,"5":1,"6":1,"7":1,"8":1,"9":0,"10":1,"11":0},"f":{"0":1},"b":{"0":[1,0]},"_coverageSchema":"43e27e138ebf9cfc5966b082cf9a028302ed4184","hash":"c5888a05c65fc503e8e8de53e5b66daed81dade8"}
,"E:\\academy\\NodeJs_exercise_21\\src\\config.js": {"path":"E:\\academy\\NodeJs_exercise_21\\src\\config.js","statementMap":{"0":{"start":{"line":5,"column":4},"end":{"line":9,"column":5}},"1":{"start":{"line":6,"column":8},"end":{"line":6,"column":51}},"2":{"start":{"line":8,"column":8},"end":{"line":8,"column":24}},"3":{"start":{"line":10,"column":4},"end":{"line":15,"column":5}},"4":{"start":{"line":11,"column":8},"end":{"line":13,"column":10}},"5":{"start":{"line":14,"column":8},"end":{"line":14,"column":24}},"6":{"start":{"line":16,"column":4},"end":{"line":16,"column":57}}},"fnMap":{"0":{"name":"configure","decl":{"start":{"line":4,"column":24},"end":{"line":4,"column":33}},"loc":{"start":{"line":4,"column":36},"end":{"line":17,"column":1}},"line":4}},"branchMap":{"0":{"loc":{"start":{"line":5,"column":4},"end":{"line":9,"column":5}},"type":"if","locations":[{"start":{"line":5,"column":4},"end":{"line":9,"column":5}},{"start":{"line":5,"column":4},"end":{"line":9,"column":5}}],"line":5},"1":{"loc":{"start":{"line":10,"column":4},"end":{"line":15,"column":5}},"type":"if","locations":[{"start":{"line":10,"column":4},"end":{"line":15,"column":5}},{"start":{"line":10,"column":4},"end":{"line":15,"column":5}}],"line":10}},"s":{"0":1,"1":1,"2":0,"3":1,"4":0,"5":0,"6":1},"f":{"0":1},"b":{"0":[1,0],"1":[0,1]},"_coverageSchema":"43e27e138ebf9cfc5966b082cf9a028302ed4184","hash":"ca71c4180b0bdee3168a362f25083fc348b64897"}
,"E:\\academy\\NodeJs_exercise_21\\src\\databases\\connection.js": {"path":"E:\\academy\\NodeJs_exercise_21\\src\\databases\\connection.js","statementMap":{"0":{"start":{"line":5,"column":21},"end":{"line":15,"column":4}},"1":{"start":{"line":16,"column":2},"end":{"line":16,"column":20}}},"fnMap":{"0":{"name":"createDbConnection","decl":{"start":{"line":4,"column":15},"end":{"line":4,"column":33}},"loc":{"start":{"line":4,"column":36},"end":{"line":17,"column":1}},"line":4}},"branchMap":{"0":{"loc":{"start":{"line":6,"column":10},"end":{"line":6,"column":45}},"type":"binary-expr","locations":[{"start":{"line":6,"column":10},"end":{"line":6,"column":31}},{"start":{"line":6,"column":35},"end":{"line":6,"column":45}}],"line":6},"1":{"loc":{"start":{"line":7,"column":10},"end":{"line":7,"column":44}},"type":"binary-expr","locations":[{"start":{"line":7,"column":10},"end":{"line":7,"column":29}},{"start":{"line":7,"column":33},"end":{"line":7,"column":44}}],"line":7},"2":{"loc":{"start":{"line":8,"column":10},"end":{"line":8,"column":37}},"type":"binary-expr","locations":[{"start":{"line":8,"column":10},"end":{"line":8,"column":29}},{"start":{"line":8,"column":33},"end":{"line":8,"column":37}}],"line":8},"3":{"loc":{"start":{"line":9,"column":14},"end":{"line":9,"column":51}},"type":"binary-expr","locations":[{"start":{"line":9,"column":14},"end":{"line":9,"column":37}},{"start":{"line":9,"column":41},"end":{"line":9,"column":51}}],"line":9},"4":{"loc":{"start":{"line":10,"column":14},"end":{"line":10,"column":53}},"type":"binary-expr","locations":[{"start":{"line":10,"column":14},"end":{"line":10,"column":37}},{"start":{"line":10,"column":41},"end":{"line":10,"column":53}}],"line":10},"5":{"loc":{"start":{"line":11,"column":14},"end":{"line":11,"column":48}},"type":"binary-expr","locations":[{"start":{"line":11,"column":14},"end":{"line":11,"column":33}},{"start":{"line":11,"column":37},"end":{"line":11,"column":48}}],"line":11},"6":{"loc":{"start":{"line":12,"column":17},"end":{"line":12,"column":55}},"type":"binary-expr","locations":[{"start":{"line":12,"column":17},"end":{"line":12,"column":47}},{"start":{"line":12,"column":51},"end":{"line":12,"column":55}}],"line":12},"7":{"loc":{"start":{"line":13,"column":13},"end":{"line":13,"column":54}},"type":"binary-expr","locations":[{"start":{"line":13,"column":13},"end":{"line":13,"column":46}},{"start":{"line":13,"column":50},"end":{"line":13,"column":54}}],"line":13}},"s":{"0":1,"1":1},"f":{"0":1},"b":{"0":[1,0],"1":[1,0],"2":[1,1],"3":[1,1],"4":[1,1],"5":[1,0],"6":[1,0],"7":[1,0]},"_coverageSchema":"43e27e138ebf9cfc5966b082cf9a028302ed4184","hash":"59d7fab72559d71eb9fc45f2217875aa9d11137a"}
,"E:\\academy\\NodeJs_exercise_21\\src\\databases\\entities.js": {"path":"E:\\academy\\NodeJs_exercise_21\\src\\databases\\entities.js","statementMap":{},"fnMap":{},"branchMap":{},"s":{},"f":{},"b":{},"_coverageSchema":"43e27e138ebf9cfc5966b082cf9a028302ed4184","hash":"9ff2ca1a772887653ad906bd53ff7525a72b7bb3"}
,"E:\\academy\\NodeJs_exercise_21\\src\\databases\\schema\\post.schema.js": {"path":"E:\\academy\\NodeJs_exercise_21\\src\\databases\\schema\\post.schema.js","statementMap":{"0":{"start":{"line":4,"column":19},"end":{"line":43,"column":2}},"1":{"start":{"line":26,"column":24},"end":{"line":26,"column":43}},"2":{"start":{"line":32,"column":24},"end":{"line":32,"column":43}}},"fnMap":{"0":{"name":"(anonymous_0)","decl":{"start":{"line":26,"column":20},"end":{"line":26,"column":21}},"loc":{"start":{"line":26,"column":24},"end":{"line":26,"column":43}},"line":26},"1":{"name":"(anonymous_1)","decl":{"start":{"line":32,"column":20},"end":{"line":32,"column":21}},"loc":{"start":{"line":32,"column":24},"end":{"line":32,"column":43}},"line":32}},"branchMap":{},"s":{"0":1,"1":1,"2":1},"f":{"0":1,"1":1},"b":{},"_coverageSchema":"43e27e138ebf9cfc5966b082cf9a028302ed4184","hash":"d021394710d13ae1e4004f20147cddeb5f36d90b"}
,"E:\\academy\\NodeJs_exercise_21\\src\\databases\\schema\\user.schema.js": {"path":"E:\\academy\\NodeJs_exercise_21\\src\\databases\\schema\\user.schema.js","statementMap":{"0":{"start":{"line":4,"column":19},"end":{"line":38,"column":2}}},"fnMap":{},"branchMap":{},"s":{"0":1},"f":{},"b":{},"_coverageSchema":"43e27e138ebf9cfc5966b082cf9a028302ed4184","hash":"26234985f3deb3723547f6dbf3a5097531bc336d"}
,"E:\\academy\\NodeJs_exercise_21\\src\\models\\post.model.js": {"path":"E:\\academy\\NodeJs_exercise_21\\src\\models\\post.model.js","statementMap":{"0":{"start":{"line":3,"column":8},"end":{"line":3,"column":21}},"1":{"start":{"line":4,"column":8},"end":{"line":4,"column":25}},"2":{"start":{"line":5,"column":8},"end":{"line":5,"column":29}},"3":{"start":{"line":6,"column":8},"end":{"line":6,"column":27}},"4":{"start":{"line":7,"column":8},"end":{"line":7,"column":33}},"5":{"start":{"line":8,"column":8},"end":{"line":8,"column":33}}},"fnMap":{"0":{"name":"(anonymous_0)","decl":{"start":{"line":2,"column":4},"end":{"line":2,"column":5}},"loc":{"start":{"line":2,"column":60},"end":{"line":9,"column":5}},"line":2}},"branchMap":{},"s":{"0":1,"1":1,"2":1,"3":1,"4":1,"5":1},"f":{"0":1},"b":{},"_coverageSchema":"43e27e138ebf9cfc5966b082cf9a028302ed4184","hash":"cd26cbed86811763da66b859acf6393f99269ba8"}
,"E:\\academy\\NodeJs_exercise_21\\src\\models\\user.model.js": {"path":"E:\\academy\\NodeJs_exercise_21\\src\\models\\user.model.js","statementMap":{"0":{"start":{"line":3,"column":8},"end":{"line":3,"column":21}},"1":{"start":{"line":4,"column":8},"end":{"line":4,"column":33}},"2":{"start":{"line":5,"column":8},"end":{"line":5,"column":27}},"3":{"start":{"line":6,"column":8},"end":{"line":6,"column":33}}},"fnMap":{"0":{"name":"(anonymous_0)","decl":{"start":{"line":2,"column":4},"end":{"line":2,"column":5}},"loc":{"start":{"line":2,"column":44},"end":{"line":9,"column":5}},"line":2}},"branchMap":{},"s":{"0":3,"1":3,"2":3,"3":3},"f":{"0":3},"b":{},"_coverageSchema":"43e27e138ebf9cfc5966b082cf9a028302ed4184","hash":"bac3b5943ed2d8b06a2906ddcf9d21fd2591ca19"}
,"E:\\academy\\NodeJs_exercise_21\\src\\routes\\index.js": {"path":"E:\\academy\\NodeJs_exercise_21\\src\\routes\\index.js","statementMap":{},"fnMap":{},"branchMap":{},"s":{},"f":{},"b":{},"_coverageSchema":"43e27e138ebf9cfc5966b082cf9a028302ed4184","hash":"be2fffe8723757eb3fa3bc69b5f921fcfb27279f"}
,"E:\\academy\\NodeJs_exercise_21\\src\\routes\\post.route.js": {"path":"E:\\academy\\NodeJs_exercise_21\\src\\routes\\post.route.js","statementMap":{"0":{"start":{"line":3,"column":20},"end":{"line":3,"column":37}},"1":{"start":{"line":4,"column":19},"end":{"line":39,"column":6}},"2":{"start":{"line":6,"column":8},"end":{"line":9,"column":72}},"3":{"start":{"line":7,"column":26},"end":{"line":7,"column":57}},"4":{"start":{"line":8,"column":12},"end":{"line":8,"column":28}},"5":{"start":{"line":9,"column":25},"end":{"line":9,"column":71}},"6":{"start":{"line":12,"column":8},"end":{"line":19,"column":9}},"7":{"start":{"line":13,"column":25},"end":{"line":13,"column":28}},"8":{"start":{"line":14,"column":23},"end":{"line":14,"column":27}},"9":{"start":{"line":15,"column":26},"end":{"line":15,"column":62}},"10":{"start":{"line":16,"column":12},"end":{"line":16,"column":40}},"11":{"start":{"line":18,"column":12},"end":{"line":18,"column":58}},"12":{"start":{"line":22,"column":8},"end":{"line":29,"column":9}},"13":{"start":{"line":23,"column":25},"end":{"line":23,"column":28}},"14":{"start":{"line":24,"column":23},"end":{"line":24,"column":27}},"15":{"start":{"line":25,"column":12},"end":{"line":25,"column":54}},"16":{"start":{"line":26,"column":12},"end":{"line":26,"column":39}},"17":{"start":{"line":28,"column":12},"end":{"line":28,"column":58}},"18":{"start":{"line":32,"column":8},"end":{"line":38,"column":9}},"19":{"start":{"line":33,"column":27},"end":{"line":33,"column":30}},"20":{"start":{"line":34,"column":12},"end":{"line":34,"column":52}},"21":{"start":{"line":35,"column":12},"end":{"line":35,"column":54}},"22":{"start":{"line":37,"column":12},"end":{"line":37,"column":48}}},"fnMap":{"0":{"name":"(anonymous_0)","decl":{"start":{"line":5,"column":18},"end":{"line":5,"column":19}},"loc":{"start":{"line":5,"column":37},"end":{"line":10,"column":5}},"line":5},"1":{"name":"(anonymous_1)","decl":{"start":{"line":11,"column":19},"end":{"line":11,"column":20}},"loc":{"start":{"line":11,"column":38},"end":{"line":20,"column":5}},"line":11},"2":{"name":"(anonymous_2)","decl":{"start":{"line":21,"column":19},"end":{"line":21,"column":20}},"loc":{"start":{"line":21,"column":38},"end":{"line":30,"column":5}},"line":21},"3":{"name":"(anonymous_3)","decl":{"start":{"line":31,"column":24},"end":{"line":31,"column":25}},"loc":{"start":{"line":31,"column":41},"end":{"line":39,"column":5}},"line":31}},"branchMap":{},"s":{"0":1,"1":1,"2":0,"3":0,"4":0,"5":0,"6":0,"7":0,"8":0,"9":0,"10":0,"11":0,"12":0,"13":0,"14":0,"15":0,"16":0,"17":0,"18":0,"19":0,"20":0,"21":0,"22":0},"f":{"0":0,"1":0,"2":0,"3":0},"b":{},"_coverageSchema":"43e27e138ebf9cfc5966b082cf9a028302ed4184","hash":"19128352fee671fbd3173154c0231b1be3f8cdf2"}
,"E:\\academy\\NodeJs_exercise_21\\src\\routes\\user.route.js": {"path":"E:\\academy\\NodeJs_exercise_21\\src\\routes\\user.route.js","statementMap":{"0":{"start":{"line":5,"column":20},"end":{"line":5,"column":37}},"1":{"start":{"line":6,"column":19},"end":{"line":83,"column":6}},"2":{"start":{"line":8,"column":8},"end":{"line":13,"column":9}},"3":{"start":{"line":9,"column":26},"end":{"line":9,"column":53}},"4":{"start":{"line":10,"column":12},"end":{"line":10,"column":40}},"5":{"start":{"line":12,"column":12},"end":{"line":12,"column":58}},"6":{"start":{"line":16,"column":8},"end":{"line":24,"column":9}},"7":{"start":{"line":17,"column":25},"end":{"line":17,"column":28}},"8":{"start":{"line":18,"column":23},"end":{"line":18,"column":27}},"9":{"start":{"line":20,"column":12},"end":{"line":20,"column":54}},"10":{"start":{"line":21,"column":12},"end":{"line":21,"column":39}},"11":{"start":{"line":23,"column":12},"end":{"line":23,"column":58}},"12":{"start":{"line":27,"column":8},"end":{"line":34,"column":65}},"13":{"start":{"line":28,"column":25},"end":{"line":28,"column":28}},"14":{"start":{"line":29,"column":23},"end":{"line":29,"column":27}},"15":{"start":{"line":30,"column":12},"end":{"line":30,"column":54}},"16":{"start":{"line":31,"column":12},"end":{"line":31,"column":39}},"17":{"start":{"line":34,"column":12},"end":{"line":34,"column":56}},"18":{"start":{"line":37,"column":8},"end":{"line":43,"column":9}},"19":{"start":{"line":38,"column":29},"end":{"line":38,"column":32}},"20":{"start":{"line":39,"column":25},"end":{"line":39,"column":66}},"21":{"start":{"line":40,"column":12},"end":{"line":40,"column":39}},"22":{"start":{"line":42,"column":12},"end":{"line":42,"column":56}},"23":{"start":{"line":46,"column":8},"end":{"line":52,"column":9}},"24":{"start":{"line":47,"column":29},"end":{"line":47,"column":32}},"25":{"start":{"line":48,"column":25},"end":{"line":48,"column":78}},"26":{"start":{"line":49,"column":12},"end":{"line":49,"column":27}},"27":{"start":{"line":51,"column":12},"end":{"line":51,"column":56}},"28":{"start":{"line":56,"column":8},"end":{"line":62,"column":9}},"29":{"start":{"line":57,"column":27},"end":{"line":57,"column":30}},"30":{"start":{"line":58,"column":25},"end":{"line":58,"column":59}},"31":{"start":{"line":59,"column":12},"end":{"line":59,"column":27}},"32":{"start":{"line":61,"column":12},"end":{"line":61,"column":56}},"33":{"start":{"line":65,"column":8},"end":{"line":72,"column":9}},"34":{"start":{"line":66,"column":29},"end":{"line":66,"column":32}},"35":{"start":{"line":67,"column":25},"end":{"line":67,"column":68}},"36":{"start":{"line":68,"column":12},"end":{"line":69,"column":89}},"37":{"start":{"line":68,"column":22},"end":{"line":68,"column":37}},"38":{"start":{"line":69,"column":17},"end":{"line":69,"column":89}},"39":{"start":{"line":71,"column":12},"end":{"line":71,"column":58}},"40":{"start":{"line":76,"column":8},"end":{"line":82,"column":9}},"41":{"start":{"line":77,"column":27},"end":{"line":77,"column":30}},"42":{"start":{"line":78,"column":12},"end":{"line":78,"column":52}},"43":{"start":{"line":79,"column":12},"end":{"line":79,"column":54}},"44":{"start":{"line":81,"column":12},"end":{"line":81,"column":48}}},"fnMap":{"0":{"name":"(anonymous_0)","decl":{"start":{"line":7,"column":19},"end":{"line":7,"column":20}},"loc":{"start":{"line":7,"column":38},"end":{"line":14,"column":5}},"line":7},"1":{"name":"(anonymous_1)","decl":{"start":{"line":15,"column":19},"end":{"line":15,"column":20}},"loc":{"start":{"line":15,"column":38},"end":{"line":25,"column":5}},"line":15},"2":{"name":"(anonymous_2)","decl":{"start":{"line":26,"column":18},"end":{"line":26,"column":19}},"loc":{"start":{"line":26,"column":37},"end":{"line":35,"column":5}},"line":26},"3":{"name":"(anonymous_3)","decl":{"start":{"line":36,"column":22},"end":{"line":36,"column":23}},"loc":{"start":{"line":36,"column":41},"end":{"line":44,"column":5}},"line":36},"4":{"name":"(anonymous_4)","decl":{"start":{"line":45,"column":30},"end":{"line":45,"column":31}},"loc":{"start":{"line":45,"column":49},"end":{"line":53,"column":5}},"line":45},"5":{"name":"(anonymous_5)","decl":{"start":{"line":55,"column":20},"end":{"line":55,"column":21}},"loc":{"start":{"line":55,"column":39},"end":{"line":63,"column":5}},"line":55},"6":{"name":"(anonymous_6)","decl":{"start":{"line":64,"column":36},"end":{"line":64,"column":37}},"loc":{"start":{"line":64,"column":55},"end":{"line":73,"column":5}},"line":64},"7":{"name":"(anonymous_7)","decl":{"start":{"line":75,"column":24},"end":{"line":75,"column":25}},"loc":{"start":{"line":75,"column":41},"end":{"line":83,"column":5}},"line":75}},"branchMap":{"0":{"loc":{"start":{"line":68,"column":12},"end":{"line":69,"column":89}},"type":"if","locations":[{"start":{"line":68,"column":12},"end":{"line":69,"column":89}},{"start":{"line":68,"column":12},"end":{"line":69,"column":89}}],"line":68}},"s":{"0":1,"1":1,"2":1,"3":1,"4":1,"5":0,"6":1,"7":1,"8":1,"9":1,"10":1,"11":0,"12":0,"13":0,"14":0,"15":0,"16":0,"17":0,"18":1,"19":1,"20":1,"21":1,"22":0,"23":0,"24":0,"25":0,"26":0,"27":0,"28":0,"29":0,"30":0,"31":0,"32":0,"33":0,"34":0,"35":0,"36":0,"37":0,"38":0,"39":0,"40":0,"41":0,"42":0,"43":0,"44":0},"f":{"0":1,"1":1,"2":0,"3":1,"4":0,"5":0,"6":0,"7":0},"b":{"0":[0,0]},"_coverageSchema":"43e27e138ebf9cfc5966b082cf9a028302ed4184","hash":"350f5c5d67d0e1a84195214c6abc2f8fd64e073e"}
,"E:\\academy\\NodeJs_exercise_21\\src\\services\\index.js": {"path":"E:\\academy\\NodeJs_exercise_21\\src\\services\\index.js","statementMap":{},"fnMap":{},"branchMap":{},"s":{},"f":{},"b":{},"_coverageSchema":"43e27e138ebf9cfc5966b082cf9a028302ed4184","hash":"f1e75ec5afad33e0d3e4fb08f616be994512dd6c"}
,"E:\\academy\\NodeJs_exercise_21\\src\\services\\post.service.js": {"path":"E:\\academy\\NodeJs_exercise_21\\src\\services\\post.service.js","statementMap":{"0":{"start":{"line":6,"column":8},"end":{"line":6,"column":35}},"1":{"start":{"line":10,"column":8},"end":{"line":10,"column":50}},"2":{"start":{"line":14,"column":8},"end":{"line":17,"column":23}},"3":{"start":{"line":21,"column":8},"end":{"line":23,"column":23}},"4":{"start":{"line":27,"column":8},"end":{"line":27,"column":54}},"5":{"start":{"line":31,"column":27},"end":{"line":31,"column":60}},"6":{"start":{"line":32,"column":8},"end":{"line":32,"column":55}},"7":{"start":{"line":33,"column":8},"end":{"line":33,"column":62}},"8":{"start":{"line":37,"column":19},"end":{"line":37,"column":58}},"9":{"start":{"line":38,"column":8},"end":{"line":38,"column":60}},"10":{"start":{"line":38,"column":19},"end":{"line":38,"column":60}},"11":{"start":{"line":39,"column":8},"end":{"line":39,"column":20}}},"fnMap":{"0":{"name":"(anonymous_0)","decl":{"start":{"line":5,"column":5},"end":{"line":5,"column":6}},"loc":{"start":{"line":5,"column":22},"end":{"line":7,"column":5}},"line":5},"1":{"name":"(anonymous_1)","decl":{"start":{"line":9,"column":4},"end":{"line":9,"column":5}},"loc":{"start":{"line":9,"column":24},"end":{"line":11,"column":5}},"line":9},"2":{"name":"(anonymous_2)","decl":{"start":{"line":13,"column":4},"end":{"line":13,"column":5}},"loc":{"start":{"line":13,"column":28},"end":{"line":18,"column":5}},"line":13},"3":{"name":"(anonymous_3)","decl":{"start":{"line":20,"column":4},"end":{"line":20,"column":5}},"loc":{"start":{"line":20,"column":28},"end":{"line":24,"column":5}},"line":20},"4":{"name":"(anonymous_4)","decl":{"start":{"line":26,"column":4},"end":{"line":26,"column":5}},"loc":{"start":{"line":26,"column":26},"end":{"line":28,"column":5}},"line":26},"5":{"name":"(anonymous_5)","decl":{"start":{"line":30,"column":4},"end":{"line":30,"column":5}},"loc":{"start":{"line":30,"column":26},"end":{"line":34,"column":5}},"line":30},"6":{"name":"(anonymous_6)","decl":{"start":{"line":36,"column":4},"end":{"line":36,"column":5}},"loc":{"start":{"line":36,"column":27},"end":{"line":40,"column":5}},"line":36}},"branchMap":{"0":{"loc":{"start":{"line":38,"column":8},"end":{"line":38,"column":60}},"type":"if","locations":[{"start":{"line":38,"column":8},"end":{"line":38,"column":60}},{"start":{"line":38,"column":8},"end":{"line":38,"column":60}}],"line":38}},"s":{"0":0,"1":0,"2":0,"3":0,"4":0,"5":0,"6":0,"7":0,"8":0,"9":0,"10":0,"11":0},"f":{"0":0,"1":0,"2":0,"3":0,"4":0,"5":0,"6":0},"b":{"0":[0,0]},"_coverageSchema":"43e27e138ebf9cfc5966b082cf9a028302ed4184","hash":"7fe2da110ac52c02e0e8e4f9dfc3c3afe0dec997"}
,"E:\\academy\\NodeJs_exercise_21\\src\\services\\user.service.js": {"path":"E:\\academy\\NodeJs_exercise_21\\src\\services\\user.service.js","statementMap":{"0":{"start":{"line":7,"column":8},"end":{"line":7,"column":35}},"1":{"start":{"line":11,"column":8},"end":{"line":11,"column":50}},"2":{"start":{"line":14,"column":8},"end":{"line":17,"column":23}},"3":{"start":{"line":20,"column":19},"end":{"line":20,"column":82}},"4":{"start":{"line":21,"column":12},"end":{"line":23,"column":13}},"5":{"start":{"line":22,"column":16},"end":{"line":22,"column":59}},"6":{"start":{"line":24,"column":12},"end":{"line":24,"column":24}},"7":{"start":{"line":27,"column":12},"end":{"line":33,"column":13}},"8":{"start":{"line":28,"column":16},"end":{"line":32,"column":30}},"9":{"start":{"line":33,"column":14},"end":{"line":39,"column":13}},"10":{"start":{"line":34,"column":12},"end":{"line":38,"column":26}},"11":{"start":{"line":40,"column":12},"end":{"line":46,"column":13}},"12":{"start":{"line":41,"column":16},"end":{"line":45,"column":30}},"13":{"start":{"line":50,"column":8},"end":{"line":50,"column":72}},"14":{"start":{"line":54,"column":23},"end":{"line":54,"column":25}},"15":{"start":{"line":55,"column":8},"end":{"line":57,"column":9}},"16":{"start":{"line":56,"column":12},"end":{"line":56,"column":75}},"17":{"start":{"line":58,"column":8},"end":{"line":60,"column":9}},"18":{"start":{"line":59,"column":12},"end":{"line":59,"column":69}},"19":{"start":{"line":61,"column":8},"end":{"line":63,"column":9}},"20":{"start":{"line":62,"column":12},"end":{"line":62,"column":75}},"21":{"start":{"line":64,"column":8},"end":{"line":64,"column":24}},"22":{"start":{"line":68,"column":20},"end":{"line":71,"column":21}},"23":{"start":{"line":72,"column":8},"end":{"line":74,"column":9}},"24":{"start":{"line":73,"column":12},"end":{"line":73,"column":58}},"25":{"start":{"line":75,"column":8},"end":{"line":75,"column":20}},"26":{"start":{"line":79,"column":8},"end":{"line":79,"column":54}},"27":{"start":{"line":83,"column":27},"end":{"line":83,"column":60}},"28":{"start":{"line":84,"column":8},"end":{"line":84,"column":54}},"29":{"start":{"line":85,"column":8},"end":{"line":85,"column":62}},"30":{"start":{"line":89,"column":19},"end":{"line":89,"column":58}},"31":{"start":{"line":90,"column":8},"end":{"line":90,"column":62}},"32":{"start":{"line":90,"column":19},"end":{"line":90,"column":62}},"33":{"start":{"line":91,"column":8},"end":{"line":91,"column":20}},"34":{"start":{"line":94,"column":19},"end":{"line":94,"column":47}},"35":{"start":{"line":95,"column":8},"end":{"line":95,"column":56}}},"fnMap":{"0":{"name":"(anonymous_0)","decl":{"start":{"line":6,"column":4},"end":{"line":6,"column":5}},"loc":{"start":{"line":6,"column":20},"end":{"line":8,"column":5}},"line":6},"1":{"name":"(anonymous_1)","decl":{"start":{"line":10,"column":4},"end":{"line":10,"column":5}},"loc":{"start":{"line":10,"column":19},"end":{"line":12,"column":5}},"line":10},"2":{"name":"(anonymous_2)","decl":{"start":{"line":13,"column":4},"end":{"line":13,"column":5}},"loc":{"start":{"line":13,"column":32},"end":{"line":18,"column":5}},"line":13},"3":{"name":"(anonymous_3)","decl":{"start":{"line":19,"column":4},"end":{"line":19,"column":5}},"loc":{"start":{"line":19,"column":34},"end":{"line":25,"column":5}},"line":19},"4":{"name":"(anonymous_4)","decl":{"start":{"line":26,"column":4},"end":{"line":26,"column":5}},"loc":{"start":{"line":26,"column":26},"end":{"line":47,"column":5}},"line":26},"5":{"name":"(anonymous_5)","decl":{"start":{"line":49,"column":4},"end":{"line":49,"column":5}},"loc":{"start":{"line":49,"column":26},"end":{"line":51,"column":5}},"line":49},"6":{"name":"(anonymous_6)","decl":{"start":{"line":53,"column":4},"end":{"line":53,"column":5}},"loc":{"start":{"line":53,"column":24},"end":{"line":65,"column":5}},"line":53},"7":{"name":"(anonymous_7)","decl":{"start":{"line":67,"column":4},"end":{"line":67,"column":5}},"loc":{"start":{"line":67,"column":28},"end":{"line":76,"column":5}},"line":67},"8":{"name":"(anonymous_8)","decl":{"start":{"line":78,"column":4},"end":{"line":78,"column":5}},"loc":{"start":{"line":78,"column":26},"end":{"line":80,"column":5}},"line":78},"9":{"name":"(anonymous_9)","decl":{"start":{"line":82,"column":4},"end":{"line":82,"column":5}},"loc":{"start":{"line":82,"column":26},"end":{"line":86,"column":5}},"line":82},"10":{"name":"(anonymous_10)","decl":{"start":{"line":88,"column":4},"end":{"line":88,"column":5}},"loc":{"start":{"line":88,"column":27},"end":{"line":92,"column":5}},"line":88},"11":{"name":"(anonymous_11)","decl":{"start":{"line":93,"column":4},"end":{"line":93,"column":5}},"loc":{"start":{"line":93,"column":24},"end":{"line":96,"column":5}},"line":93}},"branchMap":{"0":{"loc":{"start":{"line":21,"column":12},"end":{"line":23,"column":13}},"type":"if","locations":[{"start":{"line":21,"column":12},"end":{"line":23,"column":13}},{"start":{"line":21,"column":12},"end":{"line":23,"column":13}}],"line":21},"1":{"loc":{"start":{"line":27,"column":12},"end":{"line":33,"column":13}},"type":"if","locations":[{"start":{"line":27,"column":12},"end":{"line":33,"column":13}},{"start":{"line":27,"column":12},"end":{"line":33,"column":13}}],"line":27},"2":{"loc":{"start":{"line":33,"column":14},"end":{"line":39,"column":13}},"type":"if","locations":[{"start":{"line":33,"column":14},"end":{"line":39,"column":13}},{"start":{"line":33,"column":14},"end":{"line":39,"column":13}}],"line":33},"3":{"loc":{"start":{"line":40,"column":12},"end":{"line":46,"column":13}},"type":"if","locations":[{"start":{"line":40,"column":12},"end":{"line":46,"column":13}},{"start":{"line":40,"column":12},"end":{"line":46,"column":13}}],"line":40},"4":{"loc":{"start":{"line":55,"column":8},"end":{"line":57,"column":9}},"type":"if","locations":[{"start":{"line":55,"column":8},"end":{"line":57,"column":9}},{"start":{"line":55,"column":8},"end":{"line":57,"column":9}}],"line":55},"5":{"loc":{"start":{"line":55,"column":12},"end":{"line":55,"column":72}},"type":"binary-expr","locations":[{"start":{"line":55,"column":12},"end":{"line":55,"column":45}},{"start":{"line":55,"column":47},"end":{"line":55,"column":72}}],"line":55},"6":{"loc":{"start":{"line":58,"column":8},"end":{"line":60,"column":9}},"type":"if","locations":[{"start":{"line":58,"column":8},"end":{"line":60,"column":9}},{"start":{"line":58,"column":8},"end":{"line":60,"column":9}}],"line":58},"7":{"loc":{"start":{"line":58,"column":12},"end":{"line":58,"column":67}},"type":"binary-expr","locations":[{"start":{"line":58,"column":12},"end":{"line":58,"column":42}},{"start":{"line":58,"column":44},"end":{"line":58,"column":67}}],"line":58},"8":{"loc":{"start":{"line":61,"column":8},"end":{"line":63,"column":9}},"type":"if","locations":[{"start":{"line":61,"column":8},"end":{"line":63,"column":9}},{"start":{"line":61,"column":8},"end":{"line":63,"column":9}}],"line":61},"9":{"loc":{"start":{"line":61,"column":12},"end":{"line":61,"column":73}},"type":"binary-expr","locations":[{"start":{"line":61,"column":12},"end":{"line":61,"column":45}},{"start":{"line":61,"column":47},"end":{"line":61,"column":73}}],"line":61},"10":{"loc":{"start":{"line":72,"column":8},"end":{"line":74,"column":9}},"type":"if","locations":[{"start":{"line":72,"column":8},"end":{"line":74,"column":9}},{"start":{"line":72,"column":8},"end":{"line":74,"column":9}}],"line":72},"11":{"loc":{"start":{"line":90,"column":8},"end":{"line":90,"column":62}},"type":"if","locations":[{"start":{"line":90,"column":8},"end":{"line":90,"column":62}},{"start":{"line":90,"column":8},"end":{"line":90,"column":62}}],"line":90}},"s":{"0":9,"1":1,"2":0,"3":0,"4":0,"5":0,"6":0,"7":0,"8":0,"9":0,"10":0,"11":0,"12":0,"13":0,"14":0,"15":0,"16":0,"17":0,"18":0,"19":0,"20":0,"21":0,"22":0,"23":0,"24":0,"25":0,"26":1,"27":0,"28":0,"29":0,"30":1,"31":1,"32":0,"33":1,"34":0,"35":0},"f":{"0":9,"1":1,"2":0,"3":0,"4":0,"5":0,"6":0,"7":0,"8":1,"9":0,"10":1,"11":0},"b":{"0":[0,0],"1":[0,0],"2":[0,0],"3":[0,0],"4":[0,0],"5":[0,0],"6":[0,0],"7":[0,0],"8":[0,0],"9":[0,0],"10":[0,0],"11":[0,1]},"_coverageSchema":"43e27e138ebf9cfc5966b082cf9a028302ed4184","hash":"0047538f29fb72522229201fe79d152916d2e546"}
}
